<?xml version="1.0" encoding="UTF-8"?>
<!-- Generated by org.testng.reporters.JUnitReportReporter -->
<testsuite hostname="DESKTOP-SPK3UKC" failures="0" tests="8" name="hw3.Ex1.Exercise1" time="89.877" errors="0" timestamp="2021-06-01T23:27:58 MSK" skipped="0">
  <testcase classname="hw3.Ex1.Exercise1" name="runScenario" time="15.890"/>
  <system-out/>
  <testcase classname="hw3.Ex1.Exercise1" name="runScenario" time="8.879"/>
  <system-out/>
  <testcase classname="hw3.Ex1.Exercise1" name="runScenario" time="8.202"/>
  <system-out/>
  <testcase classname="hw3.Ex1.Exercise1" name="runScenario" time="17.862"/>
  <system-out/>
  <testcase classname="hw3.Ex1.Exercise1" name="runScenario" time="9.649"/>
  <system-out/>
  <testcase classname="hw3.Ex1.Exercise1" name="runScenario" time="11.198"/>
  <system-out/>
  <testcase classname="hw3.Ex1.Exercise1" name="runScenario" time="9.725"/>
  <system-out/>
  <testcase classname="hw3.Ex1.Exercise1" name="runScenario" time="8.472"/>
  <system-out/>
</testsuite> <!-- hw3.Ex1.Exercise1 -->
